<?xml version="1.0" encoding="UTF-8"?>
<testng-results ignored="0" total="2" passed="2" failed="0" skipped="0">
  <reporter-output>
  </reporter-output>
  <suite started-at="2022-08-27T20:21:10 IST" name="Surefire suite" finished-at="2022-08-27T20:21:10 IST" duration-ms="63">
    <groups>
    </groups>
    <test started-at="2022-08-27T20:21:10 IST" name="Surefire test" finished-at="2022-08-27T20:21:10 IST" duration-ms="63">
      <class name="sample.sampleprj.LoginTest">
        <test-method signature="compose()[pri:0, instance:sample.sampleprj.LoginTest@5be6e01c]" started-at="2022-08-27T20:21:10 IST" name="compose" finished-at="2022-08-27T20:21:10 IST" duration-ms="16" status="PASS">
          <reporter-output>
          </reporter-output>
        </test-method> <!-- compose -->
        <test-method signature="login()[pri:0, instance:sample.sampleprj.LoginTest@5be6e01c]" started-at="2022-08-27T20:21:10 IST" name="login" finished-at="2022-08-27T20:21:10 IST" duration-ms="0" status="PASS">
          <reporter-output>
          </reporter-output>
        </test-method> <!-- login -->
      </class> <!-- sample.sampleprj.LoginTest -->
    </test> <!-- Surefire test -->
  </suite> <!-- Surefire suite -->
</testng-results>
