<?xml version="1.0" encoding="UTF-8"?>
<testng-results ignored="0" total="2" passed="2" failed="0" skipped="0">
  <reporter-output>
  </reporter-output>
  <suite started-at="2022-08-27T13:08:02 IST" name="Suite" finished-at="2022-08-27T13:08:02 IST" duration-ms="80">
    <groups>
    </groups>
    <test started-at="2022-08-27T13:08:02 IST" name="Test" finished-at="2022-08-27T13:08:02 IST" duration-ms="80">
      <class name="sample.sampleprj.LoginTest">
        <test-method signature="compose()[pri:0, instance:sample.sampleprj.LoginTest@71b1176b]" started-at="2022-08-27T13:08:02 IST" name="compose" finished-at="2022-08-27T13:08:02 IST" duration-ms="19" status="PASS">
          <reporter-output>
          </reporter-output>
        </test-method> <!-- compose -->
        <test-method signature="login()[pri:0, instance:sample.sampleprj.LoginTest@71b1176b]" started-at="2022-08-27T13:08:02 IST" name="login" finished-at="2022-08-27T13:08:02 IST" duration-ms="3" status="PASS">
          <reporter-output>
          </reporter-output>
        </test-method> <!-- login -->
      </class> <!-- sample.sampleprj.LoginTest -->
    </test> <!-- Test -->
  </suite> <!-- Suite -->
</testng-results>
